2019-01-11 00:00:00,074 [INFO] [RenrenScheduler_Worker-20] io.renren.modules.job.utils.ScheduleJob [ScheduleJob.java : 67] 任务准备执行，任务ID：1
2019-01-11 00:00:00,205 [INFO] [pool-20-thread-1] io.renren.modules.job.task.TestTask [TestTask.java : 43] 我是带参数的test方法，正在被执行，参数为：renren
2019-01-11 00:00:01,207 [DEBUG] [pool-20-thread-1] io.renren.modules.sys.dao.SysUserDao.selectById [BaseJdbcLogger.java : 159] ==>  Preparing: SELECT user_id AS userId,username,`password`,salt,email,mobile,`status`,create_time AS createTime,dept_id AS deptId FROM sys_user WHERE user_id=? 
2019-01-11 00:00:01,208 [DEBUG] [pool-20-thread-1] io.renren.modules.sys.dao.SysUserDao.selectById [BaseJdbcLogger.java : 159] ==> Parameters: 1(Long)
2019-01-11 00:00:01,232 [DEBUG] [pool-20-thread-1] io.renren.modules.sys.dao.SysUserDao.selectById [BaseJdbcLogger.java : 159] <==      Total: 1
2019-01-11 00:00:01,233 [INFO] [RenrenScheduler_Worker-20] io.renren.modules.job.utils.ScheduleJob [ScheduleJob.java : 80] 任务执行完毕，任务ID：1  总共耗时：1159毫秒
2019-01-11 00:00:01,235 [DEBUG] [RenrenScheduler_Worker-20] io.renren.modules.job.dao.ScheduleJobLogDao.insert [BaseJdbcLogger.java : 159] ==>  Preparing: INSERT INTO schedule_job_log ( job_id, bean_name, method_name, params, `status`, times, create_time ) VALUES ( ?, ?, ?, ?, ?, ?, ? ) 
2019-01-11 00:00:01,236 [DEBUG] [RenrenScheduler_Worker-20] io.renren.modules.job.dao.ScheduleJobLogDao.insert [BaseJdbcLogger.java : 159] ==> Parameters: 1(Long), testTask(String), test(String), renren(String), 0(Integer), 1159(Integer), 2019-01-11 00:00:00.074(Timestamp)
2019-01-11 00:00:01,252 [DEBUG] [RenrenScheduler_Worker-20] io.renren.modules.job.dao.ScheduleJobLogDao.insert [BaseJdbcLogger.java : 159] <==    Updates: 1
2019-01-11 00:02:52,375 [INFO] [SessionValidationThread-1] o.apache.shiro.session.mgt.AbstractValidatingSessionManager [AbstractValidatingSessionManager.java : 275] Validating all active sessions...
2019-01-11 00:02:52,375 [INFO] [SessionValidationThread-1] o.apache.shiro.session.mgt.AbstractValidatingSessionManager [AbstractValidatingSessionManager.java : 308] Finished session validation.  No sessions were stopped.
2019-01-11 00:30:00,108 [INFO] [RenrenScheduler_Worker-1] io.renren.modules.job.utils.ScheduleJob [ScheduleJob.java : 67] 任务准备执行，任务ID：1
2019-01-11 00:30:00,130 [INFO] [pool-22-thread-1] io.renren.modules.job.task.TestTask [TestTask.java : 43] 我是带参数的test方法，正在被执行，参数为：renren
2019-01-11 00:30:01,134 [DEBUG] [pool-22-thread-1] io.renren.modules.sys.dao.SysUserDao.selectById [BaseJdbcLogger.java : 159] ==>  Preparing: SELECT user_id AS userId,username,`password`,salt,email,mobile,`status`,create_time AS createTime,dept_id AS deptId FROM sys_user WHERE user_id=? 
2019-01-11 00:30:01,135 [DEBUG] [pool-22-thread-1] io.renren.modules.sys.dao.SysUserDao.selectById [BaseJdbcLogger.java : 159] ==> Parameters: 1(Long)
2019-01-11 00:30:01,166 [DEBUG] [pool-22-thread-1] io.renren.modules.sys.dao.SysUserDao.selectById [BaseJdbcLogger.java : 159] <==      Total: 1
2019-01-11 00:30:01,167 [INFO] [RenrenScheduler_Worker-1] io.renren.modules.job.utils.ScheduleJob [ScheduleJob.java : 80] 任务执行完毕，任务ID：1  总共耗时：1059毫秒
2019-01-11 00:30:01,168 [DEBUG] [RenrenScheduler_Worker-1] io.renren.modules.job.dao.ScheduleJobLogDao.insert [BaseJdbcLogger.java : 159] ==>  Preparing: INSERT INTO schedule_job_log ( job_id, bean_name, method_name, params, `status`, times, create_time ) VALUES ( ?, ?, ?, ?, ?, ?, ? ) 
2019-01-11 00:30:01,168 [DEBUG] [RenrenScheduler_Worker-1] io.renren.modules.job.dao.ScheduleJobLogDao.insert [BaseJdbcLogger.java : 159] ==> Parameters: 1(Long), testTask(String), test(String), renren(String), 0(Integer), 1059(Integer), 2019-01-11 00:30:00.108(Timestamp)
2019-01-11 00:30:01,190 [DEBUG] [RenrenScheduler_Worker-1] io.renren.modules.job.dao.ScheduleJobLogDao.insert [BaseJdbcLogger.java : 159] <==    Updates: 1
2019-01-11 01:00:00,141 [INFO] [RenrenScheduler_Worker-2] io.renren.modules.job.utils.ScheduleJob [ScheduleJob.java : 67] 任务准备执行，任务ID：1
2019-01-11 01:00:00,156 [INFO] [pool-23-thread-1] io.renren.modules.job.task.TestTask [TestTask.java : 43] 我是带参数的test方法，正在被执行，参数为：renren
2019-01-11 01:00:01,156 [DEBUG] [pool-23-thread-1] io.renren.modules.sys.dao.SysUserDao.selectById [BaseJdbcLogger.java : 159] ==>  Preparing: SELECT user_id AS userId,username,`password`,salt,email,mobile,`status`,create_time AS createTime,dept_id AS deptId FROM sys_user WHERE user_id=? 
2019-01-11 01:00:01,157 [DEBUG] [pool-23-thread-1] io.renren.modules.sys.dao.SysUserDao.selectById [BaseJdbcLogger.java : 159] ==> Parameters: 1(Long)
2019-01-11 01:00:01,167 [DEBUG] [pool-23-thread-1] io.renren.modules.sys.dao.SysUserDao.selectById [BaseJdbcLogger.java : 159] <==      Total: 1
2019-01-11 01:00:01,168 [INFO] [RenrenScheduler_Worker-2] io.renren.modules.job.utils.ScheduleJob [ScheduleJob.java : 80] 任务执行完毕，任务ID：1  总共耗时：1027毫秒
2019-01-11 01:00:01,169 [DEBUG] [RenrenScheduler_Worker-2] io.renren.modules.job.dao.ScheduleJobLogDao.insert [BaseJdbcLogger.java : 159] ==>  Preparing: INSERT INTO schedule_job_log ( job_id, bean_name, method_name, params, `status`, times, create_time ) VALUES ( ?, ?, ?, ?, ?, ?, ? ) 
2019-01-11 01:00:01,170 [DEBUG] [RenrenScheduler_Worker-2] io.renren.modules.job.dao.ScheduleJobLogDao.insert [BaseJdbcLogger.java : 159] ==> Parameters: 1(Long), testTask(String), test(String), renren(String), 0(Integer), 1027(Integer), 2019-01-11 01:00:00.141(Timestamp)
2019-01-11 01:00:01,187 [DEBUG] [RenrenScheduler_Worker-2] io.renren.modules.job.dao.ScheduleJobLogDao.insert [BaseJdbcLogger.java : 159] <==    Updates: 1
2019-01-11 01:02:52,373 [INFO] [SessionValidationThread-1] o.apache.shiro.session.mgt.AbstractValidatingSessionManager [AbstractValidatingSessionManager.java : 275] Validating all active sessions...
2019-01-11 01:02:52,373 [INFO] [SessionValidationThread-1] o.apache.shiro.session.mgt.AbstractValidatingSessionManager [AbstractValidatingSessionManager.java : 308] Finished session validation.  No sessions were stopped.
2019-01-11 01:30:00,096 [INFO] [RenrenScheduler_Worker-3] io.renren.modules.job.utils.ScheduleJob [ScheduleJob.java : 67] 任务准备执行，任务ID：1
2019-01-11 01:30:00,121 [INFO] [pool-24-thread-1] io.renren.modules.job.task.TestTask [TestTask.java : 43] 我是带参数的test方法，正在被执行，参数为：renren
2019-01-11 01:30:01,123 [DEBUG] [pool-24-thread-1] io.renren.modules.sys.dao.SysUserDao.selectById [BaseJdbcLogger.java : 159] ==>  Preparing: SELECT user_id AS userId,username,`password`,salt,email,mobile,`status`,create_time AS createTime,dept_id AS deptId FROM sys_user WHERE user_id=? 
2019-01-11 01:30:01,124 [DEBUG] [pool-24-thread-1] io.renren.modules.sys.dao.SysUserDao.selectById [BaseJdbcLogger.java : 159] ==> Parameters: 1(Long)
2019-01-11 01:30:01,160 [DEBUG] [pool-24-thread-1] io.renren.modules.sys.dao.SysUserDao.selectById [BaseJdbcLogger.java : 159] <==      Total: 1
2019-01-11 01:30:01,160 [INFO] [RenrenScheduler_Worker-3] io.renren.modules.job.utils.ScheduleJob [ScheduleJob.java : 80] 任务执行完毕，任务ID：1  总共耗时：1064毫秒
2019-01-11 01:30:01,162 [DEBUG] [RenrenScheduler_Worker-3] io.renren.modules.job.dao.ScheduleJobLogDao.insert [BaseJdbcLogger.java : 159] ==>  Preparing: INSERT INTO schedule_job_log ( job_id, bean_name, method_name, params, `status`, times, create_time ) VALUES ( ?, ?, ?, ?, ?, ?, ? ) 
2019-01-11 01:30:01,162 [DEBUG] [RenrenScheduler_Worker-3] io.renren.modules.job.dao.ScheduleJobLogDao.insert [BaseJdbcLogger.java : 159] ==> Parameters: 1(Long), testTask(String), test(String), renren(String), 0(Integer), 1064(Integer), 2019-01-11 01:30:00.096(Timestamp)
2019-01-11 01:30:01,174 [DEBUG] [RenrenScheduler_Worker-3] io.renren.modules.job.dao.ScheduleJobLogDao.insert [BaseJdbcLogger.java : 159] <==    Updates: 1
2019-01-11 02:00:00,103 [INFO] [RenrenScheduler_Worker-4] io.renren.modules.job.utils.ScheduleJob [ScheduleJob.java : 67] 任务准备执行，任务ID：1
2019-01-11 02:00:00,123 [INFO] [pool-25-thread-1] io.renren.modules.job.task.TestTask [TestTask.java : 43] 我是带参数的test方法，正在被执行，参数为：renren
2019-01-11 02:00:01,125 [DEBUG] [pool-25-thread-1] io.renren.modules.sys.dao.SysUserDao.selectById [BaseJdbcLogger.java : 159] ==>  Preparing: SELECT user_id AS userId,username,`password`,salt,email,mobile,`status`,create_time AS createTime,dept_id AS deptId FROM sys_user WHERE user_id=? 
2019-01-11 02:00:01,125 [DEBUG] [pool-25-thread-1] io.renren.modules.sys.dao.SysUserDao.selectById [BaseJdbcLogger.java : 159] ==> Parameters: 1(Long)
2019-01-11 02:00:01,136 [DEBUG] [pool-25-thread-1] io.renren.modules.sys.dao.SysUserDao.selectById [BaseJdbcLogger.java : 159] <==      Total: 1
2019-01-11 02:00:01,136 [INFO] [RenrenScheduler_Worker-4] io.renren.modules.job.utils.ScheduleJob [ScheduleJob.java : 80] 任务执行完毕，任务ID：1  总共耗时：1033毫秒
2019-01-11 02:00:01,140 [DEBUG] [RenrenScheduler_Worker-4] io.renren.modules.job.dao.ScheduleJobLogDao.insert [BaseJdbcLogger.java : 159] ==>  Preparing: INSERT INTO schedule_job_log ( job_id, bean_name, method_name, params, `status`, times, create_time ) VALUES ( ?, ?, ?, ?, ?, ?, ? ) 
2019-01-11 02:00:01,140 [DEBUG] [RenrenScheduler_Worker-4] io.renren.modules.job.dao.ScheduleJobLogDao.insert [BaseJdbcLogger.java : 159] ==> Parameters: 1(Long), testTask(String), test(String), renren(String), 0(Integer), 1033(Integer), 2019-01-11 02:00:00.103(Timestamp)
2019-01-11 02:00:01,156 [DEBUG] [RenrenScheduler_Worker-4] io.renren.modules.job.dao.ScheduleJobLogDao.insert [BaseJdbcLogger.java : 159] <==    Updates: 1
2019-01-11 02:02:52,375 [INFO] [SessionValidationThread-1] o.apache.shiro.session.mgt.AbstractValidatingSessionManager [AbstractValidatingSessionManager.java : 275] Validating all active sessions...
2019-01-11 02:02:52,375 [INFO] [SessionValidationThread-1] o.apache.shiro.session.mgt.AbstractValidatingSessionManager [AbstractValidatingSessionManager.java : 308] Finished session validation.  No sessions were stopped.
2019-01-11 02:30:00,086 [INFO] [RenrenScheduler_Worker-5] io.renren.modules.job.utils.ScheduleJob [ScheduleJob.java : 67] 任务准备执行，任务ID：1
2019-01-11 02:30:00,090 [INFO] [pool-26-thread-1] io.renren.modules.job.task.TestTask [TestTask.java : 43] 我是带参数的test方法，正在被执行，参数为：renren
2019-01-11 02:30:01,091 [DEBUG] [pool-26-thread-1] io.renren.modules.sys.dao.SysUserDao.selectById [BaseJdbcLogger.java : 159] ==>  Preparing: SELECT user_id AS userId,username,`password`,salt,email,mobile,`status`,create_time AS createTime,dept_id AS deptId FROM sys_user WHERE user_id=? 
2019-01-11 02:30:01,091 [DEBUG] [pool-26-thread-1] io.renren.modules.sys.dao.SysUserDao.selectById [BaseJdbcLogger.java : 159] ==> Parameters: 1(Long)
2019-01-11 02:30:01,104 [DEBUG] [pool-26-thread-1] io.renren.modules.sys.dao.SysUserDao.selectById [BaseJdbcLogger.java : 159] <==      Total: 1
2019-01-11 02:30:01,104 [INFO] [RenrenScheduler_Worker-5] io.renren.modules.job.utils.ScheduleJob [ScheduleJob.java : 80] 任务执行完毕，任务ID：1  总共耗时：1018毫秒
2019-01-11 02:30:01,105 [DEBUG] [RenrenScheduler_Worker-5] io.renren.modules.job.dao.ScheduleJobLogDao.insert [BaseJdbcLogger.java : 159] ==>  Preparing: INSERT INTO schedule_job_log ( job_id, bean_name, method_name, params, `status`, times, create_time ) VALUES ( ?, ?, ?, ?, ?, ?, ? ) 
2019-01-11 02:30:01,106 [DEBUG] [RenrenScheduler_Worker-5] io.renren.modules.job.dao.ScheduleJobLogDao.insert [BaseJdbcLogger.java : 159] ==> Parameters: 1(Long), testTask(String), test(String), renren(String), 0(Integer), 1018(Integer), 2019-01-11 02:30:00.086(Timestamp)
2019-01-11 02:30:01,121 [DEBUG] [RenrenScheduler_Worker-5] io.renren.modules.job.dao.ScheduleJobLogDao.insert [BaseJdbcLogger.java : 159] <==    Updates: 1
2019-01-11 03:00:00,146 [INFO] [RenrenScheduler_Worker-6] io.renren.modules.job.utils.ScheduleJob [ScheduleJob.java : 67] 任务准备执行，任务ID：1
2019-01-11 03:00:00,235 [INFO] [pool-27-thread-1] io.renren.modules.job.task.TestTask [TestTask.java : 43] 我是带参数的test方法，正在被执行，参数为：renren
2019-01-11 03:00:01,237 [DEBUG] [pool-27-thread-1] io.renren.modules.sys.dao.SysUserDao.selectById [BaseJdbcLogger.java : 159] ==>  Preparing: SELECT user_id AS userId,username,`password`,salt,email,mobile,`status`,create_time AS createTime,dept_id AS deptId FROM sys_user WHERE user_id=? 
2019-01-11 03:00:01,238 [DEBUG] [pool-27-thread-1] io.renren.modules.sys.dao.SysUserDao.selectById [BaseJdbcLogger.java : 159] ==> Parameters: 1(Long)
2019-01-11 03:00:01,246 [DEBUG] [pool-27-thread-1] io.renren.modules.sys.dao.SysUserDao.selectById [BaseJdbcLogger.java : 159] <==      Total: 1
2019-01-11 03:00:01,247 [INFO] [RenrenScheduler_Worker-6] io.renren.modules.job.utils.ScheduleJob [ScheduleJob.java : 80] 任务执行完毕，任务ID：1  总共耗时：1101毫秒
2019-01-11 03:00:01,248 [DEBUG] [RenrenScheduler_Worker-6] io.renren.modules.job.dao.ScheduleJobLogDao.insert [BaseJdbcLogger.java : 159] ==>  Preparing: INSERT INTO schedule_job_log ( job_id, bean_name, method_name, params, `status`, times, create_time ) VALUES ( ?, ?, ?, ?, ?, ?, ? ) 
2019-01-11 03:00:01,249 [DEBUG] [RenrenScheduler_Worker-6] io.renren.modules.job.dao.ScheduleJobLogDao.insert [BaseJdbcLogger.java : 159] ==> Parameters: 1(Long), testTask(String), test(String), renren(String), 0(Integer), 1101(Integer), 2019-01-11 03:00:00.146(Timestamp)
2019-01-11 03:00:01,266 [DEBUG] [RenrenScheduler_Worker-6] io.renren.modules.job.dao.ScheduleJobLogDao.insert [BaseJdbcLogger.java : 159] <==    Updates: 1
2019-01-11 03:02:52,375 [INFO] [SessionValidationThread-1] o.apache.shiro.session.mgt.AbstractValidatingSessionManager [AbstractValidatingSessionManager.java : 275] Validating all active sessions...
2019-01-11 03:02:52,375 [INFO] [SessionValidationThread-1] o.apache.shiro.session.mgt.AbstractValidatingSessionManager [AbstractValidatingSessionManager.java : 308] Finished session validation.  No sessions were stopped.
2019-01-11 03:30:00,171 [INFO] [RenrenScheduler_Worker-7] io.renren.modules.job.utils.ScheduleJob [ScheduleJob.java : 67] 任务准备执行，任务ID：1
2019-01-11 03:30:00,207 [INFO] [pool-28-thread-1] io.renren.modules.job.task.TestTask [TestTask.java : 43] 我是带参数的test方法，正在被执行，参数为：renren
2019-01-11 03:30:01,207 [DEBUG] [pool-28-thread-1] io.renren.modules.sys.dao.SysUserDao.selectById [BaseJdbcLogger.java : 159] ==>  Preparing: SELECT user_id AS userId,username,`password`,salt,email,mobile,`status`,create_time AS createTime,dept_id AS deptId FROM sys_user WHERE user_id=? 
2019-01-11 03:30:01,207 [DEBUG] [pool-28-thread-1] io.renren.modules.sys.dao.SysUserDao.selectById [BaseJdbcLogger.java : 159] ==> Parameters: 1(Long)
2019-01-11 03:30:01,254 [DEBUG] [pool-28-thread-1] io.renren.modules.sys.dao.SysUserDao.selectById [BaseJdbcLogger.java : 159] <==      Total: 1
2019-01-11 03:30:01,255 [INFO] [RenrenScheduler_Worker-7] io.renren.modules.job.utils.ScheduleJob [ScheduleJob.java : 80] 任务执行完毕，任务ID：1  总共耗时：1084毫秒
2019-01-11 03:30:01,256 [DEBUG] [RenrenScheduler_Worker-7] io.renren.modules.job.dao.ScheduleJobLogDao.insert [BaseJdbcLogger.java : 159] ==>  Preparing: INSERT INTO schedule_job_log ( job_id, bean_name, method_name, params, `status`, times, create_time ) VALUES ( ?, ?, ?, ?, ?, ?, ? ) 
2019-01-11 03:30:01,256 [DEBUG] [RenrenScheduler_Worker-7] io.renren.modules.job.dao.ScheduleJobLogDao.insert [BaseJdbcLogger.java : 159] ==> Parameters: 1(Long), testTask(String), test(String), renren(String), 0(Integer), 1084(Integer), 2019-01-11 03:30:00.171(Timestamp)
2019-01-11 03:30:01,278 [DEBUG] [RenrenScheduler_Worker-7] io.renren.modules.job.dao.ScheduleJobLogDao.insert [BaseJdbcLogger.java : 159] <==    Updates: 1
2019-01-11 04:00:00,065 [INFO] [RenrenScheduler_Worker-8] io.renren.modules.job.utils.ScheduleJob [ScheduleJob.java : 67] 任务准备执行，任务ID：1
2019-01-11 04:00:00,068 [INFO] [pool-29-thread-1] io.renren.modules.job.task.TestTask [TestTask.java : 43] 我是带参数的test方法，正在被执行，参数为：renren
2019-01-11 04:00:01,069 [DEBUG] [pool-29-thread-1] io.renren.modules.sys.dao.SysUserDao.selectById [BaseJdbcLogger.java : 159] ==>  Preparing: SELECT user_id AS userId,username,`password`,salt,email,mobile,`status`,create_time AS createTime,dept_id AS deptId FROM sys_user WHERE user_id=? 
2019-01-11 04:00:01,070 [DEBUG] [pool-29-thread-1] io.renren.modules.sys.dao.SysUserDao.selectById [BaseJdbcLogger.java : 159] ==> Parameters: 1(Long)
2019-01-11 04:00:01,090 [DEBUG] [pool-29-thread-1] io.renren.modules.sys.dao.SysUserDao.selectById [BaseJdbcLogger.java : 159] <==      Total: 1
2019-01-11 04:00:01,091 [INFO] [RenrenScheduler_Worker-8] io.renren.modules.job.utils.ScheduleJob [ScheduleJob.java : 80] 任务执行完毕，任务ID：1  总共耗时：1026毫秒
2019-01-11 04:00:01,092 [DEBUG] [RenrenScheduler_Worker-8] io.renren.modules.job.dao.ScheduleJobLogDao.insert [BaseJdbcLogger.java : 159] ==>  Preparing: INSERT INTO schedule_job_log ( job_id, bean_name, method_name, params, `status`, times, create_time ) VALUES ( ?, ?, ?, ?, ?, ?, ? ) 
2019-01-11 04:00:01,092 [DEBUG] [RenrenScheduler_Worker-8] io.renren.modules.job.dao.ScheduleJobLogDao.insert [BaseJdbcLogger.java : 159] ==> Parameters: 1(Long), testTask(String), test(String), renren(String), 0(Integer), 1026(Integer), 2019-01-11 04:00:00.065(Timestamp)
2019-01-11 04:00:01,117 [DEBUG] [RenrenScheduler_Worker-8] io.renren.modules.job.dao.ScheduleJobLogDao.insert [BaseJdbcLogger.java : 159] <==    Updates: 1
2019-01-11 04:02:52,374 [INFO] [SessionValidationThread-1] o.apache.shiro.session.mgt.AbstractValidatingSessionManager [AbstractValidatingSessionManager.java : 275] Validating all active sessions...
2019-01-11 04:02:52,374 [INFO] [SessionValidationThread-1] o.apache.shiro.session.mgt.AbstractValidatingSessionManager [AbstractValidatingSessionManager.java : 308] Finished session validation.  No sessions were stopped.
2019-01-11 04:30:00,100 [INFO] [RenrenScheduler_Worker-9] io.renren.modules.job.utils.ScheduleJob [ScheduleJob.java : 67] 任务准备执行，任务ID：1
2019-01-11 04:30:00,127 [INFO] [pool-30-thread-1] io.renren.modules.job.task.TestTask [TestTask.java : 43] 我是带参数的test方法，正在被执行，参数为：renren
2019-01-11 04:30:01,128 [DEBUG] [pool-30-thread-1] io.renren.modules.sys.dao.SysUserDao.selectById [BaseJdbcLogger.java : 159] ==>  Preparing: SELECT user_id AS userId,username,`password`,salt,email,mobile,`status`,create_time AS createTime,dept_id AS deptId FROM sys_user WHERE user_id=? 
2019-01-11 04:30:01,128 [DEBUG] [pool-30-thread-1] io.renren.modules.sys.dao.SysUserDao.selectById [BaseJdbcLogger.java : 159] ==> Parameters: 1(Long)
2019-01-11 04:30:01,156 [DEBUG] [pool-30-thread-1] io.renren.modules.sys.dao.SysUserDao.selectById [BaseJdbcLogger.java : 159] <==      Total: 1
2019-01-11 04:30:01,156 [INFO] [RenrenScheduler_Worker-9] io.renren.modules.job.utils.ScheduleJob [ScheduleJob.java : 80] 任务执行完毕，任务ID：1  总共耗时：1056毫秒
2019-01-11 04:30:01,156 [DEBUG] [RenrenScheduler_Worker-9] io.renren.modules.job.dao.ScheduleJobLogDao.insert [BaseJdbcLogger.java : 159] ==>  Preparing: INSERT INTO schedule_job_log ( job_id, bean_name, method_name, params, `status`, times, create_time ) VALUES ( ?, ?, ?, ?, ?, ?, ? ) 
2019-01-11 04:30:01,157 [DEBUG] [RenrenScheduler_Worker-9] io.renren.modules.job.dao.ScheduleJobLogDao.insert [BaseJdbcLogger.java : 159] ==> Parameters: 1(Long), testTask(String), test(String), renren(String), 0(Integer), 1056(Integer), 2019-01-11 04:30:00.1(Timestamp)
2019-01-11 04:30:01,199 [DEBUG] [RenrenScheduler_Worker-9] io.renren.modules.job.dao.ScheduleJobLogDao.insert [BaseJdbcLogger.java : 159] <==    Updates: 1
2019-01-11 05:00:00,074 [INFO] [RenrenScheduler_Worker-10] io.renren.modules.job.utils.ScheduleJob [ScheduleJob.java : 67] 任务准备执行，任务ID：1
2019-01-11 05:00:00,113 [INFO] [pool-31-thread-1] io.renren.modules.job.task.TestTask [TestTask.java : 43] 我是带参数的test方法，正在被执行，参数为：renren
2019-01-11 05:00:01,114 [DEBUG] [pool-31-thread-1] io.renren.modules.sys.dao.SysUserDao.selectById [BaseJdbcLogger.java : 159] ==>  Preparing: SELECT user_id AS userId,username,`password`,salt,email,mobile,`status`,create_time AS createTime,dept_id AS deptId FROM sys_user WHERE user_id=? 
2019-01-11 05:00:01,114 [DEBUG] [pool-31-thread-1] io.renren.modules.sys.dao.SysUserDao.selectById [BaseJdbcLogger.java : 159] ==> Parameters: 1(Long)
2019-01-11 05:00:01,126 [DEBUG] [pool-31-thread-1] io.renren.modules.sys.dao.SysUserDao.selectById [BaseJdbcLogger.java : 159] <==      Total: 1
2019-01-11 05:00:01,126 [INFO] [RenrenScheduler_Worker-10] io.renren.modules.job.utils.ScheduleJob [ScheduleJob.java : 80] 任务执行完毕，任务ID：1  总共耗时：1052毫秒
2019-01-11 05:00:01,128 [DEBUG] [RenrenScheduler_Worker-10] io.renren.modules.job.dao.ScheduleJobLogDao.insert [BaseJdbcLogger.java : 159] ==>  Preparing: INSERT INTO schedule_job_log ( job_id, bean_name, method_name, params, `status`, times, create_time ) VALUES ( ?, ?, ?, ?, ?, ?, ? ) 
2019-01-11 05:00:01,128 [DEBUG] [RenrenScheduler_Worker-10] io.renren.modules.job.dao.ScheduleJobLogDao.insert [BaseJdbcLogger.java : 159] ==> Parameters: 1(Long), testTask(String), test(String), renren(String), 0(Integer), 1052(Integer), 2019-01-11 05:00:00.074(Timestamp)
2019-01-11 05:00:01,144 [DEBUG] [RenrenScheduler_Worker-10] io.renren.modules.job.dao.ScheduleJobLogDao.insert [BaseJdbcLogger.java : 159] <==    Updates: 1
2019-01-11 05:02:52,374 [INFO] [SessionValidationThread-1] o.apache.shiro.session.mgt.AbstractValidatingSessionManager [AbstractValidatingSessionManager.java : 275] Validating all active sessions...
2019-01-11 05:02:52,374 [INFO] [SessionValidationThread-1] o.apache.shiro.session.mgt.AbstractValidatingSessionManager [AbstractValidatingSessionManager.java : 308] Finished session validation.  No sessions were stopped.
2019-01-11 05:30:00,167 [INFO] [RenrenScheduler_Worker-11] io.renren.modules.job.utils.ScheduleJob [ScheduleJob.java : 67] 任务准备执行，任务ID：1
2019-01-11 05:30:00,230 [INFO] [pool-32-thread-1] io.renren.modules.job.task.TestTask [TestTask.java : 43] 我是带参数的test方法，正在被执行，参数为：renren
2019-01-11 05:30:01,230 [DEBUG] [pool-32-thread-1] io.renren.modules.sys.dao.SysUserDao.selectById [BaseJdbcLogger.java : 159] ==>  Preparing: SELECT user_id AS userId,username,`password`,salt,email,mobile,`status`,create_time AS createTime,dept_id AS deptId FROM sys_user WHERE user_id=? 
2019-01-11 05:30:01,230 [DEBUG] [pool-32-thread-1] io.renren.modules.sys.dao.SysUserDao.selectById [BaseJdbcLogger.java : 159] ==> Parameters: 1(Long)
2019-01-11 05:30:01,250 [DEBUG] [pool-32-thread-1] io.renren.modules.sys.dao.SysUserDao.selectById [BaseJdbcLogger.java : 159] <==      Total: 1
2019-01-11 05:30:01,250 [INFO] [RenrenScheduler_Worker-11] io.renren.modules.job.utils.ScheduleJob [ScheduleJob.java : 80] 任务执行完毕，任务ID：1  总共耗时：1083毫秒
2019-01-11 05:30:01,252 [DEBUG] [RenrenScheduler_Worker-11] io.renren.modules.job.dao.ScheduleJobLogDao.insert [BaseJdbcLogger.java : 159] ==>  Preparing: INSERT INTO schedule_job_log ( job_id, bean_name, method_name, params, `status`, times, create_time ) VALUES ( ?, ?, ?, ?, ?, ?, ? ) 
2019-01-11 05:30:01,253 [DEBUG] [RenrenScheduler_Worker-11] io.renren.modules.job.dao.ScheduleJobLogDao.insert [BaseJdbcLogger.java : 159] ==> Parameters: 1(Long), testTask(String), test(String), renren(String), 0(Integer), 1083(Integer), 2019-01-11 05:30:00.167(Timestamp)
2019-01-11 05:30:01,265 [DEBUG] [RenrenScheduler_Worker-11] io.renren.modules.job.dao.ScheduleJobLogDao.insert [BaseJdbcLogger.java : 159] <==    Updates: 1
2019-01-11 06:00:00,134 [INFO] [RenrenScheduler_Worker-12] io.renren.modules.job.utils.ScheduleJob [ScheduleJob.java : 67] 任务准备执行，任务ID：1
2019-01-11 06:00:00,148 [INFO] [pool-33-thread-1] io.renren.modules.job.task.TestTask [TestTask.java : 43] 我是带参数的test方法，正在被执行，参数为：renren
2019-01-11 06:00:01,149 [DEBUG] [pool-33-thread-1] io.renren.modules.sys.dao.SysUserDao.selectById [BaseJdbcLogger.java : 159] ==>  Preparing: SELECT user_id AS userId,username,`password`,salt,email,mobile,`status`,create_time AS createTime,dept_id AS deptId FROM sys_user WHERE user_id=? 
2019-01-11 06:00:01,149 [DEBUG] [pool-33-thread-1] io.renren.modules.sys.dao.SysUserDao.selectById [BaseJdbcLogger.java : 159] ==> Parameters: 1(Long)
2019-01-11 06:00:01,177 [DEBUG] [pool-33-thread-1] io.renren.modules.sys.dao.SysUserDao.selectById [BaseJdbcLogger.java : 159] <==      Total: 1
2019-01-11 06:00:01,178 [INFO] [RenrenScheduler_Worker-12] io.renren.modules.job.utils.ScheduleJob [ScheduleJob.java : 80] 任务执行完毕，任务ID：1  总共耗时：1045毫秒
2019-01-11 06:00:01,180 [DEBUG] [RenrenScheduler_Worker-12] io.renren.modules.job.dao.ScheduleJobLogDao.insert [BaseJdbcLogger.java : 159] ==>  Preparing: INSERT INTO schedule_job_log ( job_id, bean_name, method_name, params, `status`, times, create_time ) VALUES ( ?, ?, ?, ?, ?, ?, ? ) 
2019-01-11 06:00:01,180 [DEBUG] [RenrenScheduler_Worker-12] io.renren.modules.job.dao.ScheduleJobLogDao.insert [BaseJdbcLogger.java : 159] ==> Parameters: 1(Long), testTask(String), test(String), renren(String), 0(Integer), 1045(Integer), 2019-01-11 06:00:00.133(Timestamp)
2019-01-11 06:00:01,216 [DEBUG] [RenrenScheduler_Worker-12] io.renren.modules.job.dao.ScheduleJobLogDao.insert [BaseJdbcLogger.java : 159] <==    Updates: 1
2019-01-11 06:02:52,375 [INFO] [SessionValidationThread-1] o.apache.shiro.session.mgt.AbstractValidatingSessionManager [AbstractValidatingSessionManager.java : 275] Validating all active sessions...
2019-01-11 06:02:52,375 [INFO] [SessionValidationThread-1] o.apache.shiro.session.mgt.AbstractValidatingSessionManager [AbstractValidatingSessionManager.java : 308] Finished session validation.  No sessions were stopped.
2019-01-11 06:30:00,150 [INFO] [RenrenScheduler_Worker-13] io.renren.modules.job.utils.ScheduleJob [ScheduleJob.java : 67] 任务准备执行，任务ID：1
2019-01-11 06:30:00,189 [INFO] [pool-34-thread-1] io.renren.modules.job.task.TestTask [TestTask.java : 43] 我是带参数的test方法，正在被执行，参数为：renren
2019-01-11 06:30:01,190 [DEBUG] [pool-34-thread-1] io.renren.modules.sys.dao.SysUserDao.selectById [BaseJdbcLogger.java : 159] ==>  Preparing: SELECT user_id AS userId,username,`password`,salt,email,mobile,`status`,create_time AS createTime,dept_id AS deptId FROM sys_user WHERE user_id=? 
2019-01-11 06:30:01,190 [DEBUG] [pool-34-thread-1] io.renren.modules.sys.dao.SysUserDao.selectById [BaseJdbcLogger.java : 159] ==> Parameters: 1(Long)
2019-01-11 06:30:01,201 [DEBUG] [pool-34-thread-1] io.renren.modules.sys.dao.SysUserDao.selectById [BaseJdbcLogger.java : 159] <==      Total: 1
2019-01-11 06:30:01,202 [INFO] [RenrenScheduler_Worker-13] io.renren.modules.job.utils.ScheduleJob [ScheduleJob.java : 80] 任务执行完毕，任务ID：1  总共耗时：1052毫秒
2019-01-11 06:30:01,204 [DEBUG] [RenrenScheduler_Worker-13] io.renren.modules.job.dao.ScheduleJobLogDao.insert [BaseJdbcLogger.java : 159] ==>  Preparing: INSERT INTO schedule_job_log ( job_id, bean_name, method_name, params, `status`, times, create_time ) VALUES ( ?, ?, ?, ?, ?, ?, ? ) 
2019-01-11 06:30:01,205 [DEBUG] [RenrenScheduler_Worker-13] io.renren.modules.job.dao.ScheduleJobLogDao.insert [BaseJdbcLogger.java : 159] ==> Parameters: 1(Long), testTask(String), test(String), renren(String), 0(Integer), 1052(Integer), 2019-01-11 06:30:00.15(Timestamp)
2019-01-11 06:30:01,217 [DEBUG] [RenrenScheduler_Worker-13] io.renren.modules.job.dao.ScheduleJobLogDao.insert [BaseJdbcLogger.java : 159] <==    Updates: 1
2019-01-11 07:00:00,106 [INFO] [RenrenScheduler_Worker-14] io.renren.modules.job.utils.ScheduleJob [ScheduleJob.java : 67] 任务准备执行，任务ID：1
2019-01-11 07:00:00,120 [INFO] [pool-35-thread-1] io.renren.modules.job.task.TestTask [TestTask.java : 43] 我是带参数的test方法，正在被执行，参数为：renren
2019-01-11 07:00:01,121 [DEBUG] [pool-35-thread-1] io.renren.modules.sys.dao.SysUserDao.selectById [BaseJdbcLogger.java : 159] ==>  Preparing: SELECT user_id AS userId,username,`password`,salt,email,mobile,`status`,create_time AS createTime,dept_id AS deptId FROM sys_user WHERE user_id=? 
2019-01-11 07:00:01,121 [DEBUG] [pool-35-thread-1] io.renren.modules.sys.dao.SysUserDao.selectById [BaseJdbcLogger.java : 159] ==> Parameters: 1(Long)
2019-01-11 07:00:01,135 [DEBUG] [pool-35-thread-1] io.renren.modules.sys.dao.SysUserDao.selectById [BaseJdbcLogger.java : 159] <==      Total: 1
2019-01-11 07:00:01,136 [INFO] [RenrenScheduler_Worker-14] io.renren.modules.job.utils.ScheduleJob [ScheduleJob.java : 80] 任务执行完毕，任务ID：1  总共耗时：1030毫秒
2019-01-11 07:00:01,137 [DEBUG] [RenrenScheduler_Worker-14] io.renren.modules.job.dao.ScheduleJobLogDao.insert [BaseJdbcLogger.java : 159] ==>  Preparing: INSERT INTO schedule_job_log ( job_id, bean_name, method_name, params, `status`, times, create_time ) VALUES ( ?, ?, ?, ?, ?, ?, ? ) 
2019-01-11 07:00:01,138 [DEBUG] [RenrenScheduler_Worker-14] io.renren.modules.job.dao.ScheduleJobLogDao.insert [BaseJdbcLogger.java : 159] ==> Parameters: 1(Long), testTask(String), test(String), renren(String), 0(Integer), 1030(Integer), 2019-01-11 07:00:00.106(Timestamp)
2019-01-11 07:00:01,164 [DEBUG] [RenrenScheduler_Worker-14] io.renren.modules.job.dao.ScheduleJobLogDao.insert [BaseJdbcLogger.java : 159] <==    Updates: 1
2019-01-11 07:02:52,373 [INFO] [SessionValidationThread-1] o.apache.shiro.session.mgt.AbstractValidatingSessionManager [AbstractValidatingSessionManager.java : 275] Validating all active sessions...
2019-01-11 07:02:52,373 [INFO] [SessionValidationThread-1] o.apache.shiro.session.mgt.AbstractValidatingSessionManager [AbstractValidatingSessionManager.java : 308] Finished session validation.  No sessions were stopped.
2019-01-11 07:30:00,114 [INFO] [RenrenScheduler_Worker-15] io.renren.modules.job.utils.ScheduleJob [ScheduleJob.java : 67] 任务准备执行，任务ID：1
2019-01-11 07:30:00,154 [INFO] [pool-36-thread-1] io.renren.modules.job.task.TestTask [TestTask.java : 43] 我是带参数的test方法，正在被执行，参数为：renren
2019-01-11 07:30:01,157 [DEBUG] [pool-36-thread-1] io.renren.modules.sys.dao.SysUserDao.selectById [BaseJdbcLogger.java : 159] ==>  Preparing: SELECT user_id AS userId,username,`password`,salt,email,mobile,`status`,create_time AS createTime,dept_id AS deptId FROM sys_user WHERE user_id=? 
2019-01-11 07:30:01,158 [DEBUG] [pool-36-thread-1] io.renren.modules.sys.dao.SysUserDao.selectById [BaseJdbcLogger.java : 159] ==> Parameters: 1(Long)
2019-01-11 07:30:01,178 [DEBUG] [pool-36-thread-1] io.renren.modules.sys.dao.SysUserDao.selectById [BaseJdbcLogger.java : 159] <==      Total: 1
2019-01-11 07:30:01,178 [INFO] [RenrenScheduler_Worker-15] io.renren.modules.job.utils.ScheduleJob [ScheduleJob.java : 80] 任务执行完毕，任务ID：1  总共耗时：1064毫秒
2019-01-11 07:30:01,180 [DEBUG] [RenrenScheduler_Worker-15] io.renren.modules.job.dao.ScheduleJobLogDao.insert [BaseJdbcLogger.java : 159] ==>  Preparing: INSERT INTO schedule_job_log ( job_id, bean_name, method_name, params, `status`, times, create_time ) VALUES ( ?, ?, ?, ?, ?, ?, ? ) 
2019-01-11 07:30:01,181 [DEBUG] [RenrenScheduler_Worker-15] io.renren.modules.job.dao.ScheduleJobLogDao.insert [BaseJdbcLogger.java : 159] ==> Parameters: 1(Long), testTask(String), test(String), renren(String), 0(Integer), 1064(Integer), 2019-01-11 07:30:00.114(Timestamp)
2019-01-11 07:30:01,193 [DEBUG] [RenrenScheduler_Worker-15] io.renren.modules.job.dao.ScheduleJobLogDao.insert [BaseJdbcLogger.java : 159] <==    Updates: 1
2019-01-11 08:00:00,121 [INFO] [RenrenScheduler_Worker-16] io.renren.modules.job.utils.ScheduleJob [ScheduleJob.java : 67] 任务准备执行，任务ID：1
2019-01-11 08:00:00,165 [INFO] [pool-37-thread-1] io.renren.modules.job.task.TestTask [TestTask.java : 43] 我是带参数的test方法，正在被执行，参数为：renren
2019-01-11 08:00:01,166 [DEBUG] [pool-37-thread-1] io.renren.modules.sys.dao.SysUserDao.selectById [BaseJdbcLogger.java : 159] ==>  Preparing: SELECT user_id AS userId,username,`password`,salt,email,mobile,`status`,create_time AS createTime,dept_id AS deptId FROM sys_user WHERE user_id=? 
2019-01-11 08:00:01,166 [DEBUG] [pool-37-thread-1] io.renren.modules.sys.dao.SysUserDao.selectById [BaseJdbcLogger.java : 159] ==> Parameters: 1(Long)
2019-01-11 08:00:01,193 [DEBUG] [pool-37-thread-1] io.renren.modules.sys.dao.SysUserDao.selectById [BaseJdbcLogger.java : 159] <==      Total: 1
2019-01-11 08:00:01,194 [INFO] [RenrenScheduler_Worker-16] io.renren.modules.job.utils.ScheduleJob [ScheduleJob.java : 80] 任务执行完毕，任务ID：1  总共耗时：1073毫秒
2019-01-11 08:00:01,196 [DEBUG] [RenrenScheduler_Worker-16] io.renren.modules.job.dao.ScheduleJobLogDao.insert [BaseJdbcLogger.java : 159] ==>  Preparing: INSERT INTO schedule_job_log ( job_id, bean_name, method_name, params, `status`, times, create_time ) VALUES ( ?, ?, ?, ?, ?, ?, ? ) 
2019-01-11 08:00:01,197 [DEBUG] [RenrenScheduler_Worker-16] io.renren.modules.job.dao.ScheduleJobLogDao.insert [BaseJdbcLogger.java : 159] ==> Parameters: 1(Long), testTask(String), test(String), renren(String), 0(Integer), 1073(Integer), 2019-01-11 08:00:00.121(Timestamp)
2019-01-11 08:00:01,216 [DEBUG] [RenrenScheduler_Worker-16] io.renren.modules.job.dao.ScheduleJobLogDao.insert [BaseJdbcLogger.java : 159] <==    Updates: 1
2019-01-11 08:02:52,375 [INFO] [SessionValidationThread-1] o.apache.shiro.session.mgt.AbstractValidatingSessionManager [AbstractValidatingSessionManager.java : 275] Validating all active sessions...
2019-01-11 08:02:52,375 [INFO] [SessionValidationThread-1] o.apache.shiro.session.mgt.AbstractValidatingSessionManager [AbstractValidatingSessionManager.java : 308] Finished session validation.  No sessions were stopped.
2019-01-11 08:30:00,116 [INFO] [RenrenScheduler_Worker-17] io.renren.modules.job.utils.ScheduleJob [ScheduleJob.java : 67] 任务准备执行，任务ID：1
2019-01-11 08:30:00,130 [INFO] [pool-38-thread-1] io.renren.modules.job.task.TestTask [TestTask.java : 43] 我是带参数的test方法，正在被执行，参数为：renren
2019-01-11 08:30:01,132 [DEBUG] [pool-38-thread-1] io.renren.modules.sys.dao.SysUserDao.selectById [BaseJdbcLogger.java : 159] ==>  Preparing: SELECT user_id AS userId,username,`password`,salt,email,mobile,`status`,create_time AS createTime,dept_id AS deptId FROM sys_user WHERE user_id=? 
2019-01-11 08:30:01,133 [DEBUG] [pool-38-thread-1] io.renren.modules.sys.dao.SysUserDao.selectById [BaseJdbcLogger.java : 159] ==> Parameters: 1(Long)
2019-01-11 08:30:01,154 [DEBUG] [pool-38-thread-1] io.renren.modules.sys.dao.SysUserDao.selectById [BaseJdbcLogger.java : 159] <==      Total: 1
2019-01-11 08:30:01,155 [INFO] [RenrenScheduler_Worker-17] io.renren.modules.job.utils.ScheduleJob [ScheduleJob.java : 80] 任务执行完毕，任务ID：1  总共耗时：1039毫秒
2019-01-11 08:30:01,155 [DEBUG] [RenrenScheduler_Worker-17] io.renren.modules.job.dao.ScheduleJobLogDao.insert [BaseJdbcLogger.java : 159] ==>  Preparing: INSERT INTO schedule_job_log ( job_id, bean_name, method_name, params, `status`, times, create_time ) VALUES ( ?, ?, ?, ?, ?, ?, ? ) 
2019-01-11 08:30:01,156 [DEBUG] [RenrenScheduler_Worker-17] io.renren.modules.job.dao.ScheduleJobLogDao.insert [BaseJdbcLogger.java : 159] ==> Parameters: 1(Long), testTask(String), test(String), renren(String), 0(Integer), 1039(Integer), 2019-01-11 08:30:00.116(Timestamp)
2019-01-11 08:30:01,170 [DEBUG] [RenrenScheduler_Worker-17] io.renren.modules.job.dao.ScheduleJobLogDao.insert [BaseJdbcLogger.java : 159] <==    Updates: 1
2019-01-11 09:00:00,154 [INFO] [RenrenScheduler_Worker-18] io.renren.modules.job.utils.ScheduleJob [ScheduleJob.java : 67] 任务准备执行，任务ID：1
2019-01-11 09:00:00,199 [INFO] [pool-39-thread-1] io.renren.modules.job.task.TestTask [TestTask.java : 43] 我是带参数的test方法，正在被执行，参数为：renren
2019-01-11 09:00:01,202 [DEBUG] [pool-39-thread-1] io.renren.modules.sys.dao.SysUserDao.selectById [BaseJdbcLogger.java : 159] ==>  Preparing: SELECT user_id AS userId,username,`password`,salt,email,mobile,`status`,create_time AS createTime,dept_id AS deptId FROM sys_user WHERE user_id=? 
2019-01-11 09:00:01,202 [DEBUG] [pool-39-thread-1] io.renren.modules.sys.dao.SysUserDao.selectById [BaseJdbcLogger.java : 159] ==> Parameters: 1(Long)
2019-01-11 09:00:01,214 [DEBUG] [pool-39-thread-1] io.renren.modules.sys.dao.SysUserDao.selectById [BaseJdbcLogger.java : 159] <==      Total: 1
2019-01-11 09:00:01,215 [INFO] [RenrenScheduler_Worker-18] io.renren.modules.job.utils.ScheduleJob [ScheduleJob.java : 80] 任务执行完毕，任务ID：1  总共耗时：1061毫秒
2019-01-11 09:00:01,219 [DEBUG] [RenrenScheduler_Worker-18] io.renren.modules.job.dao.ScheduleJobLogDao.insert [BaseJdbcLogger.java : 159] ==>  Preparing: INSERT INTO schedule_job_log ( job_id, bean_name, method_name, params, `status`, times, create_time ) VALUES ( ?, ?, ?, ?, ?, ?, ? ) 
2019-01-11 09:00:01,220 [DEBUG] [RenrenScheduler_Worker-18] io.renren.modules.job.dao.ScheduleJobLogDao.insert [BaseJdbcLogger.java : 159] ==> Parameters: 1(Long), testTask(String), test(String), renren(String), 0(Integer), 1061(Integer), 2019-01-11 09:00:00.154(Timestamp)
2019-01-11 09:00:01,242 [DEBUG] [RenrenScheduler_Worker-18] io.renren.modules.job.dao.ScheduleJobLogDao.insert [BaseJdbcLogger.java : 159] <==    Updates: 1
